<?xml version="1.0" encoding="UTF-8"?>
<!-- Generated by org.testng.reporters.JUnitReportReporter -->
<testsuite skipped="1" hostname="DESKTOP-GM1455T" name="com.myntra.testcases.TC_LoginTest_001" tests="2" failures="0" timestamp="17 Feb 2021 13:47:33 GMT" time="0.003" errors="1">
  <testcase name="myntrapage" time="0.003" classname="com.myntra.testcases.TC_LoginTest_001">
    <skipped/>
  </testcase> <!-- myntrapage -->
  <testcase name="setup" time="0.000" classname="com.myntra.testcases.TC_LoginTest_001">
    <error type="org.openqa.selenium.SessionNotCreatedException" message="session not created
from chrome not reachable
  (Session info: chrome=88.0.4324.150)
Build info: version: &#039;3.141.59&#039;, revision: &#039;e82be7d358&#039;, time: &#039;2018-11-14T08:25:48&#039;
System info: host: &#039;DESKTOP-GM1455T&#039;, ip: &#039;192.168.0.106&#039;, os.name: &#039;Windows 10&#039;, os.arch: &#039;amd64&#039;, os.version: &#039;10.0&#039;, java.version: &#039;1.8.0_271&#039;
Driver info: driver.version: ChromeDriver
remote stacktrace: Backtrace:
	Ordinal0 [0x00E3ECE3+3337443]
	Ordinal0 [0x00D1F041+2158657]
	Ordinal0 [0x00BA6E50+618064]
	Ordinal0 [0x00B9D114+577812]
	Ordinal0 [0x00B9D7DB+579547]
	Ordinal0 [0x00B9EA45+584261]
	Ordinal0 [0x00B99A71+563825]
	Ordinal0 [0x00BA7FD0+622544]
	Ordinal0 [0x00B46B2D+224045]
	Ordinal0 [0x00B45BFC+220156]
	Ordinal0 [0x00B4181B+202779]
	Ordinal0 [0x00B23D74+81268]
	Ordinal0 [0x00B24D6E+85358]
	Ordinal0 [0x00B24CF9+85241]
	Ordinal0 [0x00D36F2C+2256684]
	GetHandleVerifier [0x00FC2FAC+1478332]
	GetHandleVerifier [0x00FC2AFD+1477133]
	GetHandleVerifier [0x00FCAAD8+1509864]
	GetHandleVerifier [0x00FC369E+1480110]
	Ordinal0 [0x00D2D6BD+2217661]
	Ordinal0 [0x00D389AB+2263467]
	Ordinal0 [0x00D38AEF+2263791]
	Ordinal0 [0x00D4D363+2347875]
	BaseThreadInitThunk [0x76A7FA29+25]
	RtlGetAppContainerNamedObjectPath [0x778576B4+228]
	RtlGetAppContainerNamedObjectPath [0x77857684+180]
">
      <![CDATA[org.openqa.selenium.SessionNotCreatedException: session not created
from chrome not reachable
  (Session info: chrome=88.0.4324.150)
Build info: version: '3.141.59', revision: 'e82be7d358', time: '2018-11-14T08:25:48'
System info: host: 'DESKTOP-GM1455T', ip: '192.168.0.106', os.name: 'Windows 10', os.arch: 'amd64', os.version: '10.0', java.version: '1.8.0_271'
Driver info: driver.version: ChromeDriver
remote stacktrace: Backtrace:
	Ordinal0 [0x00E3ECE3+3337443]
	Ordinal0 [0x00D1F041+2158657]
	Ordinal0 [0x00BA6E50+618064]
	Ordinal0 [0x00B9D114+577812]
	Ordinal0 [0x00B9D7DB+579547]
	Ordinal0 [0x00B9EA45+584261]
	Ordinal0 [0x00B99A71+563825]
	Ordinal0 [0x00BA7FD0+622544]
	Ordinal0 [0x00B46B2D+224045]
	Ordinal0 [0x00B45BFC+220156]
	Ordinal0 [0x00B4181B+202779]
	Ordinal0 [0x00B23D74+81268]
	Ordinal0 [0x00B24D6E+85358]
	Ordinal0 [0x00B24CF9+85241]
	Ordinal0 [0x00D36F2C+2256684]
	GetHandleVerifier [0x00FC2FAC+1478332]
	GetHandleVerifier [0x00FC2AFD+1477133]
	GetHandleVerifier [0x00FCAAD8+1509864]
	GetHandleVerifier [0x00FC369E+1480110]
	Ordinal0 [0x00D2D6BD+2217661]
	Ordinal0 [0x00D389AB+2263467]
	Ordinal0 [0x00D38AEF+2263791]
	Ordinal0 [0x00D4D363+2347875]
	BaseThreadInitThunk [0x76A7FA29+25]
	RtlGetAppContainerNamedObjectPath [0x778576B4+228]
	RtlGetAppContainerNamedObjectPath [0x77857684+180]

	at sun.reflect.NativeConstructorAccessorImpl.newInstance0(Native Method)
	at sun.reflect.NativeConstructorAccessorImpl.newInstance(Unknown Source)
	at sun.reflect.DelegatingConstructorAccessorImpl.newInstance(Unknown Source)
	at java.lang.reflect.Constructor.newInstance(Unknown Source)
	at org.openqa.selenium.remote.W3CHandshakeResponse.lambda$errorHandler$0(W3CHandshakeResponse.java:62)
	at org.openqa.selenium.remote.HandshakeResponse.lambda$getResponseFunction$0(HandshakeResponse.java:30)
	at org.openqa.selenium.remote.ProtocolHandshake.lambda$createSession$0(ProtocolHandshake.java:126)
	at java.util.stream.ReferencePipeline$3$1.accept(Unknown Source)
	at java.util.Spliterators$ArraySpliterator.tryAdvance(Unknown Source)
	at java.util.stream.ReferencePipeline.forEachWithCancel(Unknown Source)
	at java.util.stream.AbstractPipeline.copyIntoWithCancel(Unknown Source)
	at java.util.stream.AbstractPipeline.copyInto(Unknown Source)
	at java.util.stream.AbstractPipeline.wrapAndCopyInto(Unknown Source)
	at java.util.stream.FindOps$FindOp.evaluateSequential(Unknown Source)
	at java.util.stream.AbstractPipeline.evaluate(Unknown Source)
	at java.util.stream.ReferencePipeline.findFirst(Unknown Source)
	at org.openqa.selenium.remote.ProtocolHandshake.createSession(ProtocolHandshake.java:128)
	at org.openqa.selenium.remote.ProtocolHandshake.createSession(ProtocolHandshake.java:74)
	at org.openqa.selenium.remote.HttpCommandExecutor.execute(HttpCommandExecutor.java:136)
	at org.openqa.selenium.remote.service.DriverCommandExecutor.execute(DriverCommandExecutor.java:83)
	at org.openqa.selenium.remote.RemoteWebDriver.execute(RemoteWebDriver.java:552)
	at org.openqa.selenium.remote.RemoteWebDriver.startSession(RemoteWebDriver.java:213)
	at org.openqa.selenium.remote.RemoteWebDriver.<init>(RemoteWebDriver.java:131)
	at org.openqa.selenium.chrome.ChromeDriver.<init>(ChromeDriver.java:181)
	at org.openqa.selenium.chrome.ChromeDriver.<init>(ChromeDriver.java:168)
	at org.openqa.selenium.chrome.ChromeDriver.<init>(ChromeDriver.java:123)
	at com.myntra.testcases.BaseClass.setup(BaseClass.java:41)
	at sun.reflect.NativeMethodAccessorImpl.invoke0(Native Method)
	at sun.reflect.NativeMethodAccessorImpl.invoke(Unknown Source)
	at sun.reflect.DelegatingMethodAccessorImpl.invoke(Unknown Source)
	at java.lang.reflect.Method.invoke(Unknown Source)
	at org.testng.internal.MethodInvocationHelper.invokeMethod(MethodInvocationHelper.java:100)
	at org.testng.internal.Invoker.invokeConfigurationMethod(Invoker.java:515)
	at org.testng.internal.Invoker.invokeConfigurations(Invoker.java:216)
	at org.testng.internal.Invoker.invokeConfigurations(Invoker.java:143)
	at org.testng.internal.TestMethodWorker.invokeBeforeClassMethods(TestMethodWorker.java:169)
	at org.testng.internal.TestMethodWorker.run(TestMethodWorker.java:108)
	at org.testng.TestRunner.privateRun(TestRunner.java:753)
	at org.testng.TestRunner.run(TestRunner.java:607)
	at org.testng.SuiteRunner.runTest(SuiteRunner.java:368)
	at org.testng.SuiteRunner.runSequentially(SuiteRunner.java:363)
	at org.testng.SuiteRunner.privateRun(SuiteRunner.java:321)
	at org.testng.SuiteRunner.run(SuiteRunner.java:270)
	at org.testng.SuiteRunnerWorker.runSuite(SuiteRunnerWorker.java:52)
	at org.testng.SuiteRunnerWorker.run(SuiteRunnerWorker.java:86)
	at org.testng.TestNG.runSuitesSequentially(TestNG.java:1284)
	at org.testng.TestNG.runSuitesLocally(TestNG.java:1209)
	at org.testng.TestNG.runSuites(TestNG.java:1124)
	at org.testng.TestNG.run(TestNG.java:1096)
	at org.testng.remote.AbstractRemoteTestNG.run(AbstractRemoteTestNG.java:132)
	at org.testng.remote.RemoteTestNG.initAndRun(RemoteTestNG.java:236)
	at org.testng.remote.RemoteTestNG.main(RemoteTestNG.java:81)
]]>
    </error>
  </testcase> <!-- setup -->
</testsuite> <!-- com.myntra.testcases.TC_LoginTest_001 -->
